<?xml version="1.0" encoding="UTF-8"?>
<!-- Generated by org.testng.reporters.JUnitReportReporter -->
<testsuite skipped="0" hostname="ASUS-PC" name="Sept_18.testDataProvider" tests="1" failures="0" timestamp="23 Sep 2018 17:16:51 GMT" time="0.021" errors="0">
  <testcase name="testMethod" time="0.021" classname="Sept_18.testDataProvider"/>
</testsuite> <!-- Sept_18.testDataProvider -->
