<?xml version="1.0" encoding="UTF-8"?>
<!-- Generated by org.testng.reporters.JUnitReportReporter -->
<testsuite skipped="0" hostname="ASUS-PC" name="Sept_18.dataProviderTest" tests="2" failures="0" timestamp="30 Sep 2018 17:32:49 GMT" time="49.681" errors="0">
  <testcase name="testMethod" time="22.760" classname="Sept_18.dataProviderTest"/>
  <testcase name="testMethod" time="26.921" classname="Sept_18.dataProviderTest"/>
</testsuite> <!-- Sept_18.dataProviderTest -->
