<?xml version="1.0" encoding="UTF-8"?>
<!-- Generated by org.testng.reporters.JUnitReportReporter -->
<testsuite skipped="0" hostname="ASUS-PC" name="Sept_18.test" tests="1" failures="0" timestamp="25 Sep 2018 16:36:40 GMT" time="0.025" errors="0">
  <testcase name="print" time="0.025" classname="Sept_18.test"/>
</testsuite> <!-- Sept_18.test -->
